2018-07-27 15:29:49.847  INFO 18344 --- [restartedMain] c.p.springboot.SpringbootApplication     : Starting SpringbootApplication on DESKTOP-Q6BKHUP with PID 18344 (G:\idea\springboot\target\classes started by 彭焱东 in G:\idea\springboot)
2018-07-27 15:29:49.854  INFO 18344 --- [restartedMain] c.p.springboot.SpringbootApplication     : The following profiles are active: prod
2018-07-27 15:29:50.559  INFO 18344 --- [restartedMain] ConfigServletWebServerApplicationContext : Refreshing org.springframework.boot.web.servlet.context.AnnotationConfigServletWebServerApplicationContext@5eee3d3a: startup date [Fri Jul 27 15:29:50 CST 2018]; root of context hierarchy
2018-07-27 15:29:52.920  INFO 18344 --- [restartedMain] o.s.b.w.embedded.tomcat.TomcatWebServer  : Tomcat initialized with port(s): 8081 (http)
2018-07-27 15:29:52.996  INFO 18344 --- [restartedMain] o.apache.catalina.core.StandardService   : Starting service [Tomcat]
2018-07-27 15:29:52.997  INFO 18344 --- [restartedMain] org.apache.catalina.core.StandardEngine  : Starting Servlet Engine: Apache Tomcat/8.5.31
2018-07-27 15:29:53.011  INFO 18344 --- [localhost-startStop-1] o.a.catalina.core.AprLifecycleListener   : The APR based Apache Tomcat Native library which allows optimal performance in production environments was not found on the java.library.path: [F:\jdk1.8\bin;C:\WINDOWS\Sun\Java\bin;C:\WINDOWS\system32;C:\WINDOWS;C:\WINDOWS\system32;C:\WINDOWS;C:\WINDOWS\System32\Wbem;C:\WINDOWS\System32\WindowsPowerShell\v1.0\;F:\jdk1.8\bin;F:\jdk1.8\jre\bin;F:\Maven\apache-maven-3.3.9\bin;F:\SlikSvn\bin;F:\TortoiseSVN\bin;F:\Git\cmd;F:\Python;C:\WINDOWS\System32\OpenSSH\;C:\Program Files\Intel\WiFi\bin\;C:\Program Files\Common Files\Intel\WirelessCommon\;C:\Program Files\Intel\WiFi\bin\;C:\Program Files\Common Files\Intel\WirelessCommon\;D:\Program Files\Tencent\QQ\Bin;%USERPROFILE%\AppData\Local\Microsoft\WindowsApps;;.]
2018-07-27 15:29:53.323  INFO 18344 --- [localhost-startStop-1] org.apache.jasper.servlet.TldScanner     : At least one JAR was scanned for TLDs yet contained no TLDs. Enable debug logging for this logger for a complete list of JARs that were scanned but no TLDs were found in them. Skipping unneeded JARs during scanning can improve startup time and JSP compilation time.
2018-07-27 15:29:53.329  INFO 18344 --- [localhost-startStop-1] o.a.c.c.C.[.[localhost].[/springboot]    : Initializing Spring embedded WebApplicationContext
2018-07-27 15:29:53.330  INFO 18344 --- [localhost-startStop-1] o.s.web.context.ContextLoader            : Root WebApplicationContext: initialization completed in 2770 ms
2018-07-27 15:29:53.494  INFO 18344 --- [localhost-startStop-1] o.s.b.w.servlet.ServletRegistrationBean  : Servlet dispatcherServlet mapped to [/]
2018-07-27 15:29:53.498  INFO 18344 --- [localhost-startStop-1] o.s.b.w.servlet.FilterRegistrationBean   : Mapping filter: 'characterEncodingFilter' to: [/*]
2018-07-27 15:29:53.499  INFO 18344 --- [localhost-startStop-1] o.s.b.w.servlet.FilterRegistrationBean   : Mapping filter: 'hiddenHttpMethodFilter' to: [/*]
2018-07-27 15:29:53.499  INFO 18344 --- [localhost-startStop-1] o.s.b.w.servlet.FilterRegistrationBean   : Mapping filter: 'httpPutFormContentFilter' to: [/*]
2018-07-27 15:29:53.499  INFO 18344 --- [localhost-startStop-1] o.s.b.w.servlet.FilterRegistrationBean   : Mapping filter: 'requestContextFilter' to: [/*]
2018-07-27 15:29:54.069  INFO 18344 --- [restartedMain] o.s.w.s.handler.SimpleUrlHandlerMapping  : Mapped URL path [/**/favicon.ico] onto handler of type [class org.springframework.web.servlet.resource.ResourceHttpRequestHandler]
2018-07-27 15:29:54.295  INFO 18344 --- [restartedMain] s.w.s.m.m.a.RequestMappingHandlerAdapter : Looking for @ControllerAdvice: org.springframework.boot.web.servlet.context.AnnotationConfigServletWebServerApplicationContext@5eee3d3a: startup date [Fri Jul 27 15:29:50 CST 2018]; root of context hierarchy
2018-07-27 15:29:54.366  INFO 18344 --- [restartedMain] s.w.s.m.m.a.RequestMappingHandlerMapping : Mapped "{[/he/index]}" onto public java.lang.String com.pengyd.springboot.controller.HelloController.index(org.springframework.ui.Model)
2018-07-27 15:29:54.367  INFO 18344 --- [restartedMain] s.w.s.m.m.a.RequestMappingHandlerMapping : Mapped "{[/he/reviews]}" onto public java.lang.String com.pengyd.springboot.controller.HelloController.reviews(org.springframework.ui.Model)
2018-07-27 15:29:54.368  INFO 18344 --- [restartedMain] s.w.s.m.m.a.RequestMappingHandlerMapping : Mapped "{[/he/gallery]}" onto public java.lang.String com.pengyd.springboot.controller.HelloController.gallery(org.springframework.ui.Model)
2018-07-27 15:29:54.368  INFO 18344 --- [restartedMain] s.w.s.m.m.a.RequestMappingHandlerMapping : Mapped "{[/he/about]}" onto public java.lang.String com.pengyd.springboot.controller.HelloController.about(org.springframework.ui.Model)
2018-07-27 15:29:54.368  INFO 18344 --- [restartedMain] s.w.s.m.m.a.RequestMappingHandlerMapping : Mapped "{[/he/tt]}" onto public java.lang.String com.pengyd.springboot.controller.HelloController.tt(org.springframework.ui.Model)
2018-07-27 15:29:54.369  INFO 18344 --- [restartedMain] s.w.s.m.m.a.RequestMappingHandlerMapping : Mapped "{[/he/contact]}" onto public java.lang.String com.pengyd.springboot.controller.HelloController.contact(org.springframework.ui.Model)
2018-07-27 15:29:54.369  INFO 18344 --- [restartedMain] s.w.s.m.m.a.RequestMappingHandlerMapping : Mapped "{[/he/hello]}" onto public java.lang.String com.pengyd.springboot.controller.HelloController.hello(org.springframework.ui.Model,java.lang.String)
2018-07-27 15:29:54.369  INFO 18344 --- [restartedMain] s.w.s.m.m.a.RequestMappingHandlerMapping : Mapped "{[/he/typo]}" onto public java.lang.String com.pengyd.springboot.controller.HelloController.typo(org.springframework.ui.Model)
2018-07-27 15:29:54.371  INFO 18344 --- [restartedMain] s.w.s.m.m.a.RequestMappingHandlerMapping : Mapped "{[/error]}" onto public org.springframework.http.ResponseEntity<java.util.Map<java.lang.String, java.lang.Object>> org.springframework.boot.autoconfigure.web.servlet.error.BasicErrorController.error(javax.servlet.http.HttpServletRequest)
2018-07-27 15:29:54.372  INFO 18344 --- [restartedMain] s.w.s.m.m.a.RequestMappingHandlerMapping : Mapped "{[/error],produces=[text/html]}" onto public org.springframework.web.servlet.ModelAndView org.springframework.boot.autoconfigure.web.servlet.error.BasicErrorController.errorHtml(javax.servlet.http.HttpServletRequest,javax.servlet.http.HttpServletResponse)
2018-07-27 15:29:54.399  INFO 18344 --- [restartedMain] o.s.w.s.handler.SimpleUrlHandlerMapping  : Mapped URL path [/webjars/**] onto handler of type [class org.springframework.web.servlet.resource.ResourceHttpRequestHandler]
2018-07-27 15:29:54.400  INFO 18344 --- [restartedMain] o.s.w.s.handler.SimpleUrlHandlerMapping  : Mapped URL path [/**] onto handler of type [class org.springframework.web.servlet.resource.ResourceHttpRequestHandler]
2018-07-27 15:29:54.444  INFO 18344 --- [restartedMain] o.s.b.a.w.s.WelcomePageHandlerMapping    : Adding welcome page template: index
2018-07-27 15:29:54.702  INFO 18344 --- [restartedMain] o.s.b.d.a.OptionalLiveReloadServer       : LiveReload server is running on port 35729
2018-07-27 15:29:54.740  INFO 18344 --- [restartedMain] o.s.j.e.a.AnnotationMBeanExporter        : Registering beans for JMX exposure on startup
2018-07-27 15:29:54.743  INFO 18344 --- [restartedMain] o.s.j.e.a.AnnotationMBeanExporter        : Bean with name 'dataSource' has been autodetected for JMX exposure
2018-07-27 15:29:54.748  INFO 18344 --- [restartedMain] o.s.j.e.a.AnnotationMBeanExporter        : Located MBean 'dataSource': registering with JMX server as MBean [com.zaxxer.hikari:name=dataSource,type=HikariDataSource]
2018-07-27 15:29:54.961  INFO 18344 --- [restartedMain] o.s.b.w.embedded.tomcat.TomcatWebServer  : Tomcat started on port(s): 8081 (http) with context path '/springboot'
2018-07-27 15:29:54.966  INFO 18344 --- [restartedMain] c.p.springboot.SpringbootApplication     : Started SpringbootApplication in 5.905 seconds (JVM running for 8.152)
2018-07-27 15:30:39.015  INFO 18344 --- [http-nio-8081-exec-1] o.a.c.c.C.[.[localhost].[/springboot]    : Initializing Spring FrameworkServlet 'dispatcherServlet'
2018-07-27 15:30:39.015  INFO 18344 --- [http-nio-8081-exec-1] o.s.web.servlet.DispatcherServlet        : FrameworkServlet 'dispatcherServlet': initialization started
2018-07-27 15:30:39.036  INFO 18344 --- [http-nio-8081-exec-1] o.s.web.servlet.DispatcherServlet        : FrameworkServlet 'dispatcherServlet': initialization completed in 21 ms
2018-07-27 17:12:38.584  INFO 15284 --- [restartedMain] c.p.springboot.SpringbootApplication     : Starting SpringbootApplication on DESKTOP-Q6BKHUP with PID 15284 (G:\idea\springboot\target\classes started by 彭焱东 in G:\idea\springboot)
2018-07-27 17:12:38.586  INFO 15284 --- [restartedMain] c.p.springboot.SpringbootApplication     : The following profiles are active: prod
2018-07-27 17:12:38.678  INFO 15284 --- [restartedMain] ConfigServletWebServerApplicationContext : Refreshing org.springframework.boot.web.servlet.context.AnnotationConfigServletWebServerApplicationContext@2c676673: startup date [Fri Jul 27 17:12:38 CST 2018]; root of context hierarchy
2018-07-27 17:12:40.807  INFO 15284 --- [restartedMain] o.s.b.w.embedded.tomcat.TomcatWebServer  : Tomcat initialized with port(s): 8081 (http)
2018-07-27 17:12:40.834  INFO 15284 --- [restartedMain] o.apache.catalina.core.StandardService   : Starting service [Tomcat]
2018-07-27 17:12:40.834  INFO 15284 --- [restartedMain] org.apache.catalina.core.StandardEngine  : Starting Servlet Engine: Apache Tomcat/8.5.31
2018-07-27 17:12:40.838  INFO 15284 --- [localhost-startStop-1] o.a.catalina.core.AprLifecycleListener   : The APR based Apache Tomcat Native library which allows optimal performance in production environments was not found on the java.library.path: [F:\jdk1.8\bin;C:\WINDOWS\Sun\Java\bin;C:\WINDOWS\system32;C:\WINDOWS;C:\WINDOWS\system32;C:\WINDOWS;C:\WINDOWS\System32\Wbem;C:\WINDOWS\System32\WindowsPowerShell\v1.0\;F:\jdk1.8\bin;F:\jdk1.8\jre\bin;F:\Maven\apache-maven-3.3.9\bin;F:\SlikSvn\bin;F:\TortoiseSVN\bin;F:\Git\cmd;F:\Python;C:\WINDOWS\System32\OpenSSH\;C:\Program Files\Intel\WiFi\bin\;C:\Program Files\Common Files\Intel\WirelessCommon\;C:\Program Files\Intel\WiFi\bin\;C:\Program Files\Common Files\Intel\WirelessCommon\;D:\Program Files\Tencent\QQ\Bin;%USERPROFILE%\AppData\Local\Microsoft\WindowsApps;;.]
2018-07-27 17:12:41.122  INFO 15284 --- [localhost-startStop-1] org.apache.jasper.servlet.TldScanner     : At least one JAR was scanned for TLDs yet contained no TLDs. Enable debug logging for this logger for a complete list of JARs that were scanned but no TLDs were found in them. Skipping unneeded JARs during scanning can improve startup time and JSP compilation time.
2018-07-27 17:12:41.135  INFO 15284 --- [localhost-startStop-1] o.a.c.c.C.[.[localhost].[/springboot]    : Initializing Spring embedded WebApplicationContext
2018-07-27 17:12:41.135  INFO 15284 --- [localhost-startStop-1] o.s.web.context.ContextLoader            : Root WebApplicationContext: initialization completed in 2457 ms
2018-07-27 17:12:41.323  INFO 15284 --- [localhost-startStop-1] o.s.b.w.servlet.ServletRegistrationBean  : Servlet dispatcherServlet mapped to [/]
2018-07-27 17:12:41.328  INFO 15284 --- [localhost-startStop-1] o.s.b.w.servlet.FilterRegistrationBean   : Mapping filter: 'characterEncodingFilter' to: [/*]
2018-07-27 17:12:41.329  INFO 15284 --- [localhost-startStop-1] o.s.b.w.servlet.FilterRegistrationBean   : Mapping filter: 'hiddenHttpMethodFilter' to: [/*]
2018-07-27 17:12:41.329  INFO 15284 --- [localhost-startStop-1] o.s.b.w.servlet.FilterRegistrationBean   : Mapping filter: 'httpPutFormContentFilter' to: [/*]
2018-07-27 17:12:41.329  INFO 15284 --- [localhost-startStop-1] o.s.b.w.servlet.FilterRegistrationBean   : Mapping filter: 'requestContextFilter' to: [/*]
2018-07-27 17:12:41.683  INFO 15284 --- [restartedMain] o.s.w.s.handler.SimpleUrlHandlerMapping  : Mapped URL path [/**/favicon.ico] onto handler of type [class org.springframework.web.servlet.resource.ResourceHttpRequestHandler]
2018-07-27 17:12:41.920  INFO 15284 --- [restartedMain] s.w.s.m.m.a.RequestMappingHandlerAdapter : Looking for @ControllerAdvice: org.springframework.boot.web.servlet.context.AnnotationConfigServletWebServerApplicationContext@2c676673: startup date [Fri Jul 27 17:12:38 CST 2018]; root of context hierarchy
2018-07-27 17:12:41.981  INFO 15284 --- [restartedMain] s.w.s.m.m.a.RequestMappingHandlerMapping : Mapped "{[/he/index]}" onto public java.lang.String com.pengyd.springboot.controller.HelloController.index(org.springframework.ui.Model)
2018-07-27 17:12:41.982  INFO 15284 --- [restartedMain] s.w.s.m.m.a.RequestMappingHandlerMapping : Mapped "{[/he/typo]}" onto public java.lang.String com.pengyd.springboot.controller.HelloController.typo(org.springframework.ui.Model)
2018-07-27 17:12:41.983  INFO 15284 --- [restartedMain] s.w.s.m.m.a.RequestMappingHandlerMapping : Mapped "{[/he/about]}" onto public java.lang.String com.pengyd.springboot.controller.HelloController.about(org.springframework.ui.Model)
2018-07-27 17:12:41.983  INFO 15284 --- [restartedMain] s.w.s.m.m.a.RequestMappingHandlerMapping : Mapped "{[/he/tt]}" onto public java.lang.String com.pengyd.springboot.controller.HelloController.tt(org.springframework.ui.Model)
2018-07-27 17:12:41.983  INFO 15284 --- [restartedMain] s.w.s.m.m.a.RequestMappingHandlerMapping : Mapped "{[/he/gallery]}" onto public java.lang.String com.pengyd.springboot.controller.HelloController.gallery(org.springframework.ui.Model)
2018-07-27 17:12:41.984  INFO 15284 --- [restartedMain] s.w.s.m.m.a.RequestMappingHandlerMapping : Mapped "{[/he/contact]}" onto public java.lang.String com.pengyd.springboot.controller.HelloController.contact(org.springframework.ui.Model)
2018-07-27 17:12:41.984  INFO 15284 --- [restartedMain] s.w.s.m.m.a.RequestMappingHandlerMapping : Mapped "{[/he/reviews]}" onto public java.lang.String com.pengyd.springboot.controller.HelloController.reviews(org.springframework.ui.Model)
2018-07-27 17:12:41.984  INFO 15284 --- [restartedMain] s.w.s.m.m.a.RequestMappingHandlerMapping : Mapped "{[/he/hello]}" onto public java.lang.String com.pengyd.springboot.controller.HelloController.hello(org.springframework.ui.Model,java.lang.String)
2018-07-27 17:12:41.987  INFO 15284 --- [restartedMain] s.w.s.m.m.a.RequestMappingHandlerMapping : Mapped "{[/error]}" onto public org.springframework.http.ResponseEntity<java.util.Map<java.lang.String, java.lang.Object>> org.springframework.boot.autoconfigure.web.servlet.error.BasicErrorController.error(javax.servlet.http.HttpServletRequest)
2018-07-27 17:12:41.988  INFO 15284 --- [restartedMain] s.w.s.m.m.a.RequestMappingHandlerMapping : Mapped "{[/error],produces=[text/html]}" onto public org.springframework.web.servlet.ModelAndView org.springframework.boot.autoconfigure.web.servlet.error.BasicErrorController.errorHtml(javax.servlet.http.HttpServletRequest,javax.servlet.http.HttpServletResponse)
2018-07-27 17:12:42.020  INFO 15284 --- [restartedMain] o.s.w.s.handler.SimpleUrlHandlerMapping  : Mapped URL path [/webjars/**] onto handler of type [class org.springframework.web.servlet.resource.ResourceHttpRequestHandler]
2018-07-27 17:12:42.020  INFO 15284 --- [restartedMain] o.s.w.s.handler.SimpleUrlHandlerMapping  : Mapped URL path [/**] onto handler of type [class org.springframework.web.servlet.resource.ResourceHttpRequestHandler]
2018-07-27 17:12:42.070  INFO 15284 --- [restartedMain] o.s.b.a.w.s.WelcomePageHandlerMapping    : Adding welcome page template: index
2018-07-27 17:12:42.348  INFO 15284 --- [restartedMain] o.s.b.d.a.OptionalLiveReloadServer       : LiveReload server is running on port 35729
2018-07-27 17:12:42.378  INFO 15284 --- [restartedMain] o.s.j.e.a.AnnotationMBeanExporter        : Registering beans for JMX exposure on startup
2018-07-27 17:12:42.379  INFO 15284 --- [restartedMain] o.s.j.e.a.AnnotationMBeanExporter        : Bean with name 'dataSource' has been autodetected for JMX exposure
2018-07-27 17:12:42.384  INFO 15284 --- [restartedMain] o.s.j.e.a.AnnotationMBeanExporter        : Located MBean 'dataSource': registering with JMX server as MBean [com.zaxxer.hikari:name=dataSource,type=HikariDataSource]
2018-07-27 17:12:42.448  INFO 15284 --- [restartedMain] o.s.b.w.embedded.tomcat.TomcatWebServer  : Tomcat started on port(s): 8081 (http) with context path '/springboot'
2018-07-27 17:12:42.453  INFO 15284 --- [restartedMain] c.p.springboot.SpringbootApplication     : Started SpringbootApplication in 4.579 seconds (JVM running for 5.737)
2018-07-27 17:54:22.950  INFO 16040 --- [restartedMain] c.p.springboot.SpringbootApplication     : Starting SpringbootApplication on DESKTOP-Q6BKHUP with PID 16040 (G:\idea\springboot\target\classes started by 彭焱东 in G:\idea\springboot)
2018-07-27 17:54:22.951  INFO 16040 --- [restartedMain] c.p.springboot.SpringbootApplication     : The following profiles are active: prod
2018-07-27 17:54:23.069  INFO 16040 --- [restartedMain] ConfigServletWebServerApplicationContext : Refreshing org.springframework.boot.web.servlet.context.AnnotationConfigServletWebServerApplicationContext@6b0f2dd9: startup date [Fri Jul 27 17:54:23 CST 2018]; root of context hierarchy
2018-07-27 17:54:25.257  INFO 16040 --- [restartedMain] o.s.b.w.embedded.tomcat.TomcatWebServer  : Tomcat initialized with port(s): 8080 (http)
2018-07-27 17:54:25.285  INFO 16040 --- [restartedMain] o.apache.catalina.core.StandardService   : Starting service [Tomcat]
2018-07-27 17:54:25.285  INFO 16040 --- [restartedMain] org.apache.catalina.core.StandardEngine  : Starting Servlet Engine: Apache Tomcat/8.5.31
2018-07-27 17:54:25.289  INFO 16040 --- [localhost-startStop-1] o.a.catalina.core.AprLifecycleListener   : The APR based Apache Tomcat Native library which allows optimal performance in production environments was not found on the java.library.path: [F:\jdk1.8\bin;C:\WINDOWS\Sun\Java\bin;C:\WINDOWS\system32;C:\WINDOWS;C:\WINDOWS\system32;C:\WINDOWS;C:\WINDOWS\System32\Wbem;C:\WINDOWS\System32\WindowsPowerShell\v1.0\;F:\jdk1.8\bin;F:\jdk1.8\jre\bin;F:\Maven\apache-maven-3.3.9\bin;F:\SlikSvn\bin;F:\TortoiseSVN\bin;F:\Git\cmd;F:\Python;C:\WINDOWS\System32\OpenSSH\;C:\Program Files\Intel\WiFi\bin\;C:\Program Files\Common Files\Intel\WirelessCommon\;C:\Program Files\Intel\WiFi\bin\;C:\Program Files\Common Files\Intel\WirelessCommon\;D:\Program Files\Tencent\QQ\Bin;%USERPROFILE%\AppData\Local\Microsoft\WindowsApps;;.]
2018-07-27 17:54:25.523  INFO 16040 --- [localhost-startStop-1] org.apache.jasper.servlet.TldScanner     : At least one JAR was scanned for TLDs yet contained no TLDs. Enable debug logging for this logger for a complete list of JARs that were scanned but no TLDs were found in them. Skipping unneeded JARs during scanning can improve startup time and JSP compilation time.
2018-07-27 17:54:25.528  INFO 16040 --- [localhost-startStop-1] o.a.c.c.C.[.[localhost].[/springboot]    : Initializing Spring embedded WebApplicationContext
2018-07-27 17:54:25.528  INFO 16040 --- [localhost-startStop-1] o.s.web.context.ContextLoader            : Root WebApplicationContext: initialization completed in 2459 ms
2018-07-27 17:54:25.661  INFO 16040 --- [localhost-startStop-1] o.s.b.w.servlet.ServletRegistrationBean  : Servlet dispatcherServlet mapped to [/]
2018-07-27 17:54:25.667  INFO 16040 --- [localhost-startStop-1] o.s.b.w.servlet.FilterRegistrationBean   : Mapping filter: 'characterEncodingFilter' to: [/*]
2018-07-27 17:54:25.668  INFO 16040 --- [localhost-startStop-1] o.s.b.w.servlet.FilterRegistrationBean   : Mapping filter: 'hiddenHttpMethodFilter' to: [/*]
2018-07-27 17:54:25.668  INFO 16040 --- [localhost-startStop-1] o.s.b.w.servlet.FilterRegistrationBean   : Mapping filter: 'httpPutFormContentFilter' to: [/*]
2018-07-27 17:54:25.668  INFO 16040 --- [localhost-startStop-1] o.s.b.w.servlet.FilterRegistrationBean   : Mapping filter: 'requestContextFilter' to: [/*]
2018-07-27 17:54:26.011  INFO 16040 --- [restartedMain] o.s.w.s.handler.SimpleUrlHandlerMapping  : Mapped URL path [/**/favicon.ico] onto handler of type [class org.springframework.web.servlet.resource.ResourceHttpRequestHandler]
2018-07-27 17:54:26.291  INFO 16040 --- [restartedMain] s.w.s.m.m.a.RequestMappingHandlerAdapter : Looking for @ControllerAdvice: org.springframework.boot.web.servlet.context.AnnotationConfigServletWebServerApplicationContext@6b0f2dd9: startup date [Fri Jul 27 17:54:23 CST 2018]; root of context hierarchy
2018-07-27 17:54:26.395  INFO 16040 --- [restartedMain] s.w.s.m.m.a.RequestMappingHandlerMapping : Mapped "{[/he/index]}" onto public java.lang.String com.pengyd.springboot.controller.HelloController.index(org.springframework.ui.Model)
2018-07-27 17:54:26.397  INFO 16040 --- [restartedMain] s.w.s.m.m.a.RequestMappingHandlerMapping : Mapped "{[/he/reviews]}" onto public java.lang.String com.pengyd.springboot.controller.HelloController.reviews(org.springframework.ui.Model)
2018-07-27 17:54:26.397  INFO 16040 --- [restartedMain] s.w.s.m.m.a.RequestMappingHandlerMapping : Mapped "{[/he/gallery]}" onto public java.lang.String com.pengyd.springboot.controller.HelloController.gallery(org.springframework.ui.Model)
2018-07-27 17:54:26.398  INFO 16040 --- [restartedMain] s.w.s.m.m.a.RequestMappingHandlerMapping : Mapped "{[/he/contact]}" onto public java.lang.String com.pengyd.springboot.controller.HelloController.contact(org.springframework.ui.Model)
2018-07-27 17:54:26.398  INFO 16040 --- [restartedMain] s.w.s.m.m.a.RequestMappingHandlerMapping : Mapped "{[/he/hello]}" onto public java.lang.String com.pengyd.springboot.controller.HelloController.hello(org.springframework.ui.Model,java.lang.String)
2018-07-27 17:54:26.399  INFO 16040 --- [restartedMain] s.w.s.m.m.a.RequestMappingHandlerMapping : Mapped "{[/he/about]}" onto public java.lang.String com.pengyd.springboot.controller.HelloController.about(org.springframework.ui.Model)
2018-07-27 17:54:26.399  INFO 16040 --- [restartedMain] s.w.s.m.m.a.RequestMappingHandlerMapping : Mapped "{[/he/tt]}" onto public java.lang.String com.pengyd.springboot.controller.HelloController.tt(org.springframework.ui.Model)
2018-07-27 17:54:26.400  INFO 16040 --- [restartedMain] s.w.s.m.m.a.RequestMappingHandlerMapping : Mapped "{[/he/typo]}" onto public java.lang.String com.pengyd.springboot.controller.HelloController.typo(org.springframework.ui.Model)
2018-07-27 17:54:26.405  INFO 16040 --- [restartedMain] s.w.s.m.m.a.RequestMappingHandlerMapping : Mapped "{[/error]}" onto public org.springframework.http.ResponseEntity<java.util.Map<java.lang.String, java.lang.Object>> org.springframework.boot.autoconfigure.web.servlet.error.BasicErrorController.error(javax.servlet.http.HttpServletRequest)
2018-07-27 17:54:26.406  INFO 16040 --- [restartedMain] s.w.s.m.m.a.RequestMappingHandlerMapping : Mapped "{[/error],produces=[text/html]}" onto public org.springframework.web.servlet.ModelAndView org.springframework.boot.autoconfigure.web.servlet.error.BasicErrorController.errorHtml(javax.servlet.http.HttpServletRequest,javax.servlet.http.HttpServletResponse)
2018-07-27 17:54:26.449  INFO 16040 --- [restartedMain] o.s.w.s.handler.SimpleUrlHandlerMapping  : Mapped URL path [/webjars/**] onto handler of type [class org.springframework.web.servlet.resource.ResourceHttpRequestHandler]
2018-07-27 17:54:26.449  INFO 16040 --- [restartedMain] o.s.w.s.handler.SimpleUrlHandlerMapping  : Mapped URL path [/**] onto handler of type [class org.springframework.web.servlet.resource.ResourceHttpRequestHandler]
2018-07-27 17:54:26.526  INFO 16040 --- [restartedMain] o.s.b.a.w.s.WelcomePageHandlerMapping    : Adding welcome page template: index
2018-07-27 17:54:26.815  INFO 16040 --- [restartedMain] o.s.b.d.a.OptionalLiveReloadServer       : LiveReload server is running on port 35729
2018-07-27 17:54:26.847  INFO 16040 --- [restartedMain] o.s.j.e.a.AnnotationMBeanExporter        : Registering beans for JMX exposure on startup
2018-07-27 17:54:26.849  INFO 16040 --- [restartedMain] o.s.j.e.a.AnnotationMBeanExporter        : Bean with name 'dataSource' has been autodetected for JMX exposure
2018-07-27 17:54:26.855  INFO 16040 --- [restartedMain] o.s.j.e.a.AnnotationMBeanExporter        : Located MBean 'dataSource': registering with JMX server as MBean [com.zaxxer.hikari:name=dataSource,type=HikariDataSource]
2018-07-27 17:54:26.984 ERROR 16040 --- [restartedMain] o.apache.catalina.core.StandardService   : Failed to start connector [Connector[HTTP/1.1-8080]]

org.apache.catalina.LifecycleException: Failed to start component [Connector[HTTP/1.1-8080]]
	at org.apache.catalina.util.LifecycleBase.start(LifecycleBase.java:167) ~[tomcat-embed-core-8.5.31.jar:8.5.31]
	at org.apache.catalina.core.StandardService.addConnector(StandardService.java:225) ~[tomcat-embed-core-8.5.31.jar:8.5.31]
	at org.springframework.boot.web.embedded.tomcat.TomcatWebServer.addPreviouslyRemovedConnectors(TomcatWebServer.java:256) [spring-boot-2.0.2.RELEASE.jar:2.0.2.RELEASE]
	at org.springframework.boot.web.embedded.tomcat.TomcatWebServer.start(TomcatWebServer.java:198) [spring-boot-2.0.2.RELEASE.jar:2.0.2.RELEASE]
	at org.springframework.boot.web.servlet.context.ServletWebServerApplicationContext.startWebServer(ServletWebServerApplicationContext.java:300) [spring-boot-2.0.2.RELEASE.jar:2.0.2.RELEASE]
	at org.springframework.boot.web.servlet.context.ServletWebServerApplicationContext.finishRefresh(ServletWebServerApplicationContext.java:162) [spring-boot-2.0.2.RELEASE.jar:2.0.2.RELEASE]
	at org.springframework.context.support.AbstractApplicationContext.refresh(AbstractApplicationContext.java:553) [spring-context-5.0.6.RELEASE.jar:5.0.6.RELEASE]
	at org.springframework.boot.web.servlet.context.ServletWebServerApplicationContext.refresh(ServletWebServerApplicationContext.java:140) [spring-boot-2.0.2.RELEASE.jar:2.0.2.RELEASE]
	at org.springframework.boot.SpringApplication.refresh(SpringApplication.java:759) [spring-boot-2.0.2.RELEASE.jar:2.0.2.RELEASE]
	at org.springframework.boot.SpringApplication.refreshContext(SpringApplication.java:395) [spring-boot-2.0.2.RELEASE.jar:2.0.2.RELEASE]
	at org.springframework.boot.SpringApplication.run(SpringApplication.java:327) [spring-boot-2.0.2.RELEASE.jar:2.0.2.RELEASE]
	at org.springframework.boot.SpringApplication.run(SpringApplication.java:1255) [spring-boot-2.0.2.RELEASE.jar:2.0.2.RELEASE]
	at org.springframework.boot.SpringApplication.run(SpringApplication.java:1243) [spring-boot-2.0.2.RELEASE.jar:2.0.2.RELEASE]
	at com.pengyd.springboot.SpringbootApplication.main(SpringbootApplication.java:10) [classes/:na]
	at sun.reflect.NativeMethodAccessorImpl.invoke0(Native Method) ~[na:1.8.0_73]
	at sun.reflect.NativeMethodAccessorImpl.invoke(NativeMethodAccessorImpl.java:62) ~[na:1.8.0_73]
	at sun.reflect.DelegatingMethodAccessorImpl.invoke(DelegatingMethodAccessorImpl.java:43) ~[na:1.8.0_73]
	at java.lang.reflect.Method.invoke(Method.java:497) ~[na:1.8.0_73]
	at org.springframework.boot.devtools.restart.RestartLauncher.run(RestartLauncher.java:49) [spring-boot-devtools-2.0.2.RELEASE.jar:2.0.2.RELEASE]
Caused by: org.apache.catalina.LifecycleException: Protocol handler start failed
	at org.apache.catalina.connector.Connector.startInternal(Connector.java:1020) ~[tomcat-embed-core-8.5.31.jar:8.5.31]
	at org.apache.catalina.util.LifecycleBase.start(LifecycleBase.java:150) ~[tomcat-embed-core-8.5.31.jar:8.5.31]
	... 18 common frames omitted
Caused by: java.net.BindException: Address already in use: bind
	at sun.nio.ch.Net.bind0(Native Method) ~[na:1.8.0_73]
	at sun.nio.ch.Net.bind(Net.java:433) ~[na:1.8.0_73]
	at sun.nio.ch.Net.bind(Net.java:425) ~[na:1.8.0_73]
	at sun.nio.ch.ServerSocketChannelImpl.bind(ServerSocketChannelImpl.java:223) ~[na:1.8.0_73]
	at sun.nio.ch.ServerSocketAdaptor.bind(ServerSocketAdaptor.java:74) ~[na:1.8.0_73]
	at org.apache.tomcat.util.net.NioEndpoint.bind(NioEndpoint.java:210) ~[tomcat-embed-core-8.5.31.jar:8.5.31]
	at org.apache.tomcat.util.net.AbstractEndpoint.start(AbstractEndpoint.java:1150) ~[tomcat-embed-core-8.5.31.jar:8.5.31]
	at org.apache.coyote.AbstractProtocol.start(AbstractProtocol.java:591) ~[tomcat-embed-core-8.5.31.jar:8.5.31]
	at org.apache.catalina.connector.Connector.startInternal(Connector.java:1018) ~[tomcat-embed-core-8.5.31.jar:8.5.31]
	... 19 common frames omitted

2018-07-27 17:54:26.993  INFO 16040 --- [restartedMain] o.apache.catalina.core.StandardService   : Stopping service [Tomcat]
2018-07-27 17:54:27.005  INFO 16040 --- [restartedMain] ConditionEvaluationReportLoggingListener : 

Error starting ApplicationContext. To display the conditions report re-run your application with 'debug' enabled.
2018-07-27 17:54:27.008 ERROR 16040 --- [restartedMain] o.s.b.d.LoggingFailureAnalysisReporter   : 

***************************
APPLICATION FAILED TO START
***************************

Description:

The Tomcat connector configured to listen on port 8080 failed to start. The port may already be in use or the connector may be misconfigured.

Action:

Verify the connector's configuration, identify and stop any process that's listening on port 8080, or configure this application to listen on another port.

2018-07-27 17:54:27.009  INFO 16040 --- [restartedMain] ConfigServletWebServerApplicationContext : Closing org.springframework.boot.web.servlet.context.AnnotationConfigServletWebServerApplicationContext@6b0f2dd9: startup date [Fri Jul 27 17:54:23 CST 2018]; root of context hierarchy
2018-07-27 17:54:27.012  INFO 16040 --- [restartedMain] o.s.j.e.a.AnnotationMBeanExporter        : Unregistering JMX-exposed beans on shutdown
2018-07-27 17:54:27.013  INFO 16040 --- [restartedMain] o.s.j.e.a.AnnotationMBeanExporter        : Unregistering JMX-exposed beans
2018-07-27 17:59:33.545  INFO 18536 --- [restartedMain] c.p.springboot.SpringbootApplication     : Starting SpringbootApplication on DESKTOP-Q6BKHUP with PID 18536 (G:\idea\springboot\target\classes started by 彭焱东 in G:\idea\springboot)
2018-07-27 17:59:33.546  INFO 18536 --- [restartedMain] c.p.springboot.SpringbootApplication     : The following profiles are active: prod
2018-07-27 17:59:33.635  INFO 18536 --- [restartedMain] ConfigServletWebServerApplicationContext : Refreshing org.springframework.boot.web.servlet.context.AnnotationConfigServletWebServerApplicationContext@717b84bc: startup date [Fri Jul 27 17:59:33 CST 2018]; root of context hierarchy
2018-07-27 17:59:35.673  INFO 18536 --- [restartedMain] o.s.b.w.embedded.tomcat.TomcatWebServer  : Tomcat initialized with port(s): 8081 (http)
2018-07-27 17:59:35.698  INFO 18536 --- [restartedMain] o.apache.catalina.core.StandardService   : Starting service [Tomcat]
2018-07-27 17:59:35.698  INFO 18536 --- [restartedMain] org.apache.catalina.core.StandardEngine  : Starting Servlet Engine: Apache Tomcat/8.5.31
2018-07-27 17:59:35.701  INFO 18536 --- [localhost-startStop-1] o.a.catalina.core.AprLifecycleListener   : The APR based Apache Tomcat Native library which allows optimal performance in production environments was not found on the java.library.path: [F:\jdk1.8\bin;C:\WINDOWS\Sun\Java\bin;C:\WINDOWS\system32;C:\WINDOWS;C:\WINDOWS\system32;C:\WINDOWS;C:\WINDOWS\System32\Wbem;C:\WINDOWS\System32\WindowsPowerShell\v1.0\;F:\jdk1.8\bin;F:\jdk1.8\jre\bin;F:\Maven\apache-maven-3.3.9\bin;F:\SlikSvn\bin;F:\TortoiseSVN\bin;F:\Git\cmd;F:\Python;C:\WINDOWS\System32\OpenSSH\;C:\Program Files\Intel\WiFi\bin\;C:\Program Files\Common Files\Intel\WirelessCommon\;C:\Program Files\Intel\WiFi\bin\;C:\Program Files\Common Files\Intel\WirelessCommon\;D:\Program Files\Tencent\QQ\Bin;%USERPROFILE%\AppData\Local\Microsoft\WindowsApps;;.]
2018-07-27 17:59:35.921  INFO 18536 --- [localhost-startStop-1] org.apache.jasper.servlet.TldScanner     : At least one JAR was scanned for TLDs yet contained no TLDs. Enable debug logging for this logger for a complete list of JARs that were scanned but no TLDs were found in them. Skipping unneeded JARs during scanning can improve startup time and JSP compilation time.
2018-07-27 17:59:35.931  INFO 18536 --- [localhost-startStop-1] o.a.c.c.C.[.[localhost].[/springboot]    : Initializing Spring embedded WebApplicationContext
2018-07-27 17:59:35.932  INFO 18536 --- [localhost-startStop-1] o.s.web.context.ContextLoader            : Root WebApplicationContext: initialization completed in 2297 ms
2018-07-27 17:59:36.084  INFO 18536 --- [localhost-startStop-1] o.s.b.w.servlet.ServletRegistrationBean  : Servlet dispatcherServlet mapped to [/]
2018-07-27 17:59:36.088  INFO 18536 --- [localhost-startStop-1] o.s.b.w.servlet.FilterRegistrationBean   : Mapping filter: 'characterEncodingFilter' to: [/*]
2018-07-27 17:59:36.089  INFO 18536 --- [localhost-startStop-1] o.s.b.w.servlet.FilterRegistrationBean   : Mapping filter: 'hiddenHttpMethodFilter' to: [/*]
2018-07-27 17:59:36.089  INFO 18536 --- [localhost-startStop-1] o.s.b.w.servlet.FilterRegistrationBean   : Mapping filter: 'httpPutFormContentFilter' to: [/*]
2018-07-27 17:59:36.089  INFO 18536 --- [localhost-startStop-1] o.s.b.w.servlet.FilterRegistrationBean   : Mapping filter: 'requestContextFilter' to: [/*]
2018-07-27 17:59:36.369  INFO 18536 --- [restartedMain] o.s.w.s.handler.SimpleUrlHandlerMapping  : Mapped URL path [/**/favicon.ico] onto handler of type [class org.springframework.web.servlet.resource.ResourceHttpRequestHandler]
2018-07-27 17:59:36.571  INFO 18536 --- [restartedMain] s.w.s.m.m.a.RequestMappingHandlerAdapter : Looking for @ControllerAdvice: org.springframework.boot.web.servlet.context.AnnotationConfigServletWebServerApplicationContext@717b84bc: startup date [Fri Jul 27 17:59:33 CST 2018]; root of context hierarchy
2018-07-27 17:59:36.632  INFO 18536 --- [restartedMain] s.w.s.m.m.a.RequestMappingHandlerMapping : Mapped "{[/he/index]}" onto public java.lang.String com.pengyd.springboot.controller.HelloController.index(org.springframework.ui.Model)
2018-07-27 17:59:36.633  INFO 18536 --- [restartedMain] s.w.s.m.m.a.RequestMappingHandlerMapping : Mapped "{[/he/tt]}" onto public java.lang.String com.pengyd.springboot.controller.HelloController.tt(org.springframework.ui.Model)
2018-07-27 17:59:36.634  INFO 18536 --- [restartedMain] s.w.s.m.m.a.RequestMappingHandlerMapping : Mapped "{[/he/hello]}" onto public java.lang.String com.pengyd.springboot.controller.HelloController.hello(org.springframework.ui.Model,java.lang.String)
2018-07-27 17:59:36.634  INFO 18536 --- [restartedMain] s.w.s.m.m.a.RequestMappingHandlerMapping : Mapped "{[/he/about]}" onto public java.lang.String com.pengyd.springboot.controller.HelloController.about(org.springframework.ui.Model)
2018-07-27 17:59:36.634  INFO 18536 --- [restartedMain] s.w.s.m.m.a.RequestMappingHandlerMapping : Mapped "{[/he/gallery]}" onto public java.lang.String com.pengyd.springboot.controller.HelloController.gallery(org.springframework.ui.Model)
2018-07-27 17:59:36.634  INFO 18536 --- [restartedMain] s.w.s.m.m.a.RequestMappingHandlerMapping : Mapped "{[/he/reviews]}" onto public java.lang.String com.pengyd.springboot.controller.HelloController.reviews(org.springframework.ui.Model)
2018-07-27 17:59:36.635  INFO 18536 --- [restartedMain] s.w.s.m.m.a.RequestMappingHandlerMapping : Mapped "{[/he/typo]}" onto public java.lang.String com.pengyd.springboot.controller.HelloController.typo(org.springframework.ui.Model)
2018-07-27 17:59:36.635  INFO 18536 --- [restartedMain] s.w.s.m.m.a.RequestMappingHandlerMapping : Mapped "{[/he/contact]}" onto public java.lang.String com.pengyd.springboot.controller.HelloController.contact(org.springframework.ui.Model)
2018-07-27 17:59:36.637  INFO 18536 --- [restartedMain] s.w.s.m.m.a.RequestMappingHandlerMapping : Mapped "{[/error]}" onto public org.springframework.http.ResponseEntity<java.util.Map<java.lang.String, java.lang.Object>> org.springframework.boot.autoconfigure.web.servlet.error.BasicErrorController.error(javax.servlet.http.HttpServletRequest)
2018-07-27 17:59:36.637  INFO 18536 --- [restartedMain] s.w.s.m.m.a.RequestMappingHandlerMapping : Mapped "{[/error],produces=[text/html]}" onto public org.springframework.web.servlet.ModelAndView org.springframework.boot.autoconfigure.web.servlet.error.BasicErrorController.errorHtml(javax.servlet.http.HttpServletRequest,javax.servlet.http.HttpServletResponse)
2018-07-27 17:59:36.663  INFO 18536 --- [restartedMain] o.s.w.s.handler.SimpleUrlHandlerMapping  : Mapped URL path [/webjars/**] onto handler of type [class org.springframework.web.servlet.resource.ResourceHttpRequestHandler]
2018-07-27 17:59:36.664  INFO 18536 --- [restartedMain] o.s.w.s.handler.SimpleUrlHandlerMapping  : Mapped URL path [/**] onto handler of type [class org.springframework.web.servlet.resource.ResourceHttpRequestHandler]
2018-07-27 17:59:36.727  INFO 18536 --- [restartedMain] o.s.b.a.w.s.WelcomePageHandlerMapping    : Adding welcome page template: index
2018-07-27 17:59:36.960  INFO 18536 --- [restartedMain] o.s.b.d.a.OptionalLiveReloadServer       : LiveReload server is running on port 35729
2018-07-27 17:59:36.993  INFO 18536 --- [restartedMain] o.s.j.e.a.AnnotationMBeanExporter        : Registering beans for JMX exposure on startup
2018-07-27 17:59:36.994  INFO 18536 --- [restartedMain] o.s.j.e.a.AnnotationMBeanExporter        : Bean with name 'dataSource' has been autodetected for JMX exposure
2018-07-27 17:59:36.999  INFO 18536 --- [restartedMain] o.s.j.e.a.AnnotationMBeanExporter        : Located MBean 'dataSource': registering with JMX server as MBean [com.zaxxer.hikari:name=dataSource,type=HikariDataSource]
2018-07-27 17:59:37.205  INFO 18536 --- [restartedMain] o.s.b.w.embedded.tomcat.TomcatWebServer  : Tomcat started on port(s): 8081 (http) with context path '/springboot'
2018-07-27 17:59:37.211  INFO 18536 --- [restartedMain] c.p.springboot.SpringbootApplication     : Started SpringbootApplication in 4.349 seconds (JVM running for 5.369)
2018-07-27 17:59:47.094  INFO 18536 --- [http-nio-8081-exec-1] o.a.c.c.C.[.[localhost].[/springboot]    : Initializing Spring FrameworkServlet 'dispatcherServlet'
2018-07-27 17:59:47.095  INFO 18536 --- [http-nio-8081-exec-1] o.s.web.servlet.DispatcherServlet        : FrameworkServlet 'dispatcherServlet': initialization started
2018-07-27 17:59:47.115  INFO 18536 --- [http-nio-8081-exec-1] o.s.web.servlet.DispatcherServlet        : FrameworkServlet 'dispatcherServlet': initialization completed in 20 ms
2018-07-30 11:13:59.398  INFO 26620 --- [restartedMain] c.p.springboot.SpringbootApplication     : Starting SpringbootApplication on LAPTOP-P3F8REP7 with PID 26620 (started by kunku in C:\idea workspace\springboot)
2018-07-30 11:13:59.398  INFO 26620 --- [restartedMain] c.p.springboot.SpringbootApplication     : The following profiles are active: prod
2018-07-30 11:13:59.492  INFO 26620 --- [restartedMain] ConfigServletWebServerApplicationContext : Refreshing org.springframework.boot.web.servlet.context.AnnotationConfigServletWebServerApplicationContext@3bb7a0fb: startup date [Mon Jul 30 11:13:59 CST 2018]; root of context hierarchy
2018-07-30 11:14:01.833  INFO 26620 --- [restartedMain] o.s.b.w.embedded.tomcat.TomcatWebServer  : Tomcat initialized with port(s): 8081 (http)
2018-07-30 11:14:01.864  INFO 26620 --- [restartedMain] o.apache.catalina.core.StandardService   : Starting service [Tomcat]
2018-07-30 11:14:01.864  INFO 26620 --- [restartedMain] org.apache.catalina.core.StandardEngine  : Starting Servlet Engine: Apache Tomcat/8.5.31
2018-07-30 11:14:01.880  INFO 26620 --- [localhost-startStop-1] o.a.catalina.core.AprLifecycleListener   : The APR based Apache Tomcat Native library which allows optimal performance in production environments was not found on the java.library.path: [C:\Program Files\Java\jdk1.8.0_171\bin;C:\WINDOWS\Sun\Java\bin;C:\WINDOWS\system32;C:\WINDOWS;C:\Program Files (x86)\Intel\Intel(R) Management Engine Components\iCLS\;C:\Program Files\Intel\Intel(R) Management Engine Components\iCLS\;C:\Program Files (x86)\Common Files\Oracle\Java\javapath;C:\WINDOWS\system32;C:\WINDOWS;C:\WINDOWS\System32\Wbem;C:\WINDOWS\System32\WindowsPowerShell\v1.0\;C:\Program Files\Java\jdk1.8.0_171\bin;C:\Program Files\MySQL\MySQL Utilities 1.6\;C:\Program Files\Git\cmd;C:\Program Files\TortoiseSVN\bin;C:\java tools\maven\apache-maven-3.3.9-bin\apache-maven-3.3.9\bin;C:\Program Files\Intel\WiFi\bin\;C:\Program Files\Common Files\Intel\WirelessCommon\;C:\WINDOWS\System32\OpenSSH\;C:\Program Files (x86)\Intel\Intel(R) Management Engine Components\DAL;C:\Program Files\Intel\Intel(R) Management Engine Components\DAL;C:\Program Files (x86)\Intel\Intel(R) Management Engine Components\IPT;C:\Program Files\Intel\Intel(R) Management Engine Components\IPT;C:\Users\kunku\AppData\Local\Microsoft\WindowsApps;;.]
2018-07-30 11:14:02.234  INFO 26620 --- [localhost-startStop-1] org.apache.jasper.servlet.TldScanner     : At least one JAR was scanned for TLDs yet contained no TLDs. Enable debug logging for this logger for a complete list of JARs that were scanned but no TLDs were found in them. Skipping unneeded JARs during scanning can improve startup time and JSP compilation time.
2018-07-30 11:14:02.250  INFO 26620 --- [localhost-startStop-1] o.a.c.c.C.[.[localhost].[/springboot]    : Initializing Spring embedded WebApplicationContext
2018-07-30 11:14:02.250  INFO 26620 --- [localhost-startStop-1] o.s.web.context.ContextLoader            : Root WebApplicationContext: initialization completed in 2758 ms
2018-07-30 11:14:02.531  INFO 26620 --- [localhost-startStop-1] o.s.b.w.servlet.ServletRegistrationBean  : Servlet dispatcherServlet mapped to [/]
2018-07-30 11:14:02.531  INFO 26620 --- [localhost-startStop-1] o.s.b.w.servlet.FilterRegistrationBean   : Mapping filter: 'characterEncodingFilter' to: [/*]
2018-07-30 11:14:02.531  INFO 26620 --- [localhost-startStop-1] o.s.b.w.servlet.FilterRegistrationBean   : Mapping filter: 'hiddenHttpMethodFilter' to: [/*]
2018-07-30 11:14:02.531  INFO 26620 --- [localhost-startStop-1] o.s.b.w.servlet.FilterRegistrationBean   : Mapping filter: 'httpPutFormContentFilter' to: [/*]
2018-07-30 11:14:02.531  INFO 26620 --- [localhost-startStop-1] o.s.b.w.servlet.FilterRegistrationBean   : Mapping filter: 'requestContextFilter' to: [/*]
2018-07-30 11:14:03.143  INFO 26620 --- [restartedMain] o.s.w.s.handler.SimpleUrlHandlerMapping  : Mapped URL path [/**/favicon.ico] onto handler of type [class org.springframework.web.servlet.resource.ResourceHttpRequestHandler]
2018-07-30 11:14:03.377  INFO 26620 --- [restartedMain] s.w.s.m.m.a.RequestMappingHandlerAdapter : Looking for @ControllerAdvice: org.springframework.boot.web.servlet.context.AnnotationConfigServletWebServerApplicationContext@3bb7a0fb: startup date [Mon Jul 30 11:13:59 CST 2018]; root of context hierarchy
2018-07-30 11:14:03.424  INFO 26620 --- [restartedMain] s.w.s.m.m.a.RequestMappingHandlerMapping : Mapped "{[/he/index]}" onto public java.lang.String com.pengyd.springboot.controller.HelloController.index(org.springframework.ui.Model)
2018-07-30 11:14:03.424  INFO 26620 --- [restartedMain] s.w.s.m.m.a.RequestMappingHandlerMapping : Mapped "{[/he/hello]}" onto public java.lang.String com.pengyd.springboot.controller.HelloController.hello(org.springframework.ui.Model,java.lang.String)
2018-07-30 11:14:03.424  INFO 26620 --- [restartedMain] s.w.s.m.m.a.RequestMappingHandlerMapping : Mapped "{[/he/contact]}" onto public java.lang.String com.pengyd.springboot.controller.HelloController.contact(org.springframework.ui.Model)
2018-07-30 11:14:03.424  INFO 26620 --- [restartedMain] s.w.s.m.m.a.RequestMappingHandlerMapping : Mapped "{[/he/reviews]}" onto public java.lang.String com.pengyd.springboot.controller.HelloController.reviews(org.springframework.ui.Model)
2018-07-30 11:14:03.424  INFO 26620 --- [restartedMain] s.w.s.m.m.a.RequestMappingHandlerMapping : Mapped "{[/he/gallery]}" onto public java.lang.String com.pengyd.springboot.controller.HelloController.gallery(org.springframework.ui.Model)
2018-07-30 11:14:03.424  INFO 26620 --- [restartedMain] s.w.s.m.m.a.RequestMappingHandlerMapping : Mapped "{[/he/about]}" onto public java.lang.String com.pengyd.springboot.controller.HelloController.about(org.springframework.ui.Model)
2018-07-30 11:14:03.424  INFO 26620 --- [restartedMain] s.w.s.m.m.a.RequestMappingHandlerMapping : Mapped "{[/he/typo]}" onto public java.lang.String com.pengyd.springboot.controller.HelloController.typo(org.springframework.ui.Model)
2018-07-30 11:14:03.424  INFO 26620 --- [restartedMain] s.w.s.m.m.a.RequestMappingHandlerMapping : Mapped "{[/he/tt]}" onto public java.lang.String com.pengyd.springboot.controller.HelloController.tt(org.springframework.ui.Model)
2018-07-30 11:14:03.440  INFO 26620 --- [restartedMain] s.w.s.m.m.a.RequestMappingHandlerMapping : Mapped "{[/error]}" onto public org.springframework.http.ResponseEntity<java.util.Map<java.lang.String, java.lang.Object>> org.springframework.boot.autoconfigure.web.servlet.error.BasicErrorController.error(javax.servlet.http.HttpServletRequest)
2018-07-30 11:14:03.440  INFO 26620 --- [restartedMain] s.w.s.m.m.a.RequestMappingHandlerMapping : Mapped "{[/error],produces=[text/html]}" onto public org.springframework.web.servlet.ModelAndView org.springframework.boot.autoconfigure.web.servlet.error.BasicErrorController.errorHtml(javax.servlet.http.HttpServletRequest,javax.servlet.http.HttpServletResponse)
2018-07-30 11:14:03.455  INFO 26620 --- [restartedMain] o.s.w.s.handler.SimpleUrlHandlerMapping  : Mapped URL path [/webjars/**] onto handler of type [class org.springframework.web.servlet.resource.ResourceHttpRequestHandler]
2018-07-30 11:14:03.455  INFO 26620 --- [restartedMain] o.s.w.s.handler.SimpleUrlHandlerMapping  : Mapped URL path [/**] onto handler of type [class org.springframework.web.servlet.resource.ResourceHttpRequestHandler]
2018-07-30 11:14:03.502  INFO 26620 --- [restartedMain] o.s.b.a.w.s.WelcomePageHandlerMapping    : Adding welcome page template: index
2018-07-30 11:14:03.846  INFO 26620 --- [restartedMain] o.s.b.d.a.OptionalLiveReloadServer       : LiveReload server is running on port 35729
2018-07-30 11:14:04.012  INFO 26620 --- [restartedMain] o.s.j.e.a.AnnotationMBeanExporter        : Registering beans for JMX exposure on startup
2018-07-30 11:14:04.028  INFO 26620 --- [restartedMain] o.s.j.e.a.AnnotationMBeanExporter        : Bean with name 'dataSource' has been autodetected for JMX exposure
2018-07-30 11:14:04.028  INFO 26620 --- [restartedMain] o.s.j.e.a.AnnotationMBeanExporter        : Located MBean 'dataSource': registering with JMX server as MBean [com.zaxxer.hikari:name=dataSource,type=HikariDataSource]
2018-07-30 11:14:04.110  INFO 26620 --- [restartedMain] o.s.b.w.embedded.tomcat.TomcatWebServer  : Tomcat started on port(s): 8081 (http) with context path '/springboot'
2018-07-30 11:14:04.116  INFO 26620 --- [restartedMain] c.p.springboot.SpringbootApplication     : Started SpringbootApplication in 5.583 seconds (JVM running for 11.459)
2018-07-30 11:17:10.620  INFO 26620 --- [http-nio-8081-exec-6] o.a.c.c.C.[.[localhost].[/springboot]    : Initializing Spring FrameworkServlet 'dispatcherServlet'
2018-07-30 11:17:10.621  INFO 26620 --- [http-nio-8081-exec-6] o.s.web.servlet.DispatcherServlet        : FrameworkServlet 'dispatcherServlet': initialization started
2018-07-30 11:17:10.652  INFO 26620 --- [http-nio-8081-exec-6] o.s.web.servlet.DispatcherServlet        : FrameworkServlet 'dispatcherServlet': initialization completed in 28 ms
2018-07-30 11:17:10.682  INFO 26620 --- [http-nio-8081-exec-6] c.p.s.controller.HelloController         : 进入hello方法
